C:\USERS\HOUQH13\DOCUMENTS\ARDUINO\ALMIGHTY\ROBOTCTEXP\PROJECTS\7BOTSYSTEM\7BOTSYSTEM\DEBUG\7BOTSYSTEM.PCH
C:\USERS\HOUQH13\DOCUMENTS\ARDUINO\ALMIGHTY\ROBOTCTEXP\PROJECTS\7BOTSYSTEM\7BOTSYSTEM\DEBUG\STDAFX.OBJ
C:\USERS\HOUQH13\DOCUMENTS\ARDUINO\ALMIGHTY\ROBOTCTEXP\PROJECTS\7BOTSYSTEM\7BOTSYSTEM\DEBUG\VC110.PDB
C:\USERS\HOUQH13\DOCUMENTS\ARDUINO\ALMIGHTY\ROBOTCTEXP\PROJECTS\7BOTSYSTEM\7BOTSYSTEM\DEBUG\7BOTSYSTEM.OBJ
C:\USERS\HOUQH13\DOCUMENTS\ARDUINO\ALMIGHTY\ROBOTCTEXP\PROJECTS\7BOTSYSTEM\7BOTSYSTEM\DEBUG\7BOTSYSTEMDLG.OBJ
C:\USERS\HOUQH13\DOCUMENTS\ARDUINO\ALMIGHTY\ROBOTCTEXP\PROJECTS\7BOTSYSTEM\7BOTSYSTEM\DEBUG\CAMERATHREAD.OBJ
C:\USERS\HOUQH13\DOCUMENTS\ARDUINO\ALMIGHTY\ROBOTCTEXP\PROJECTS\7BOTSYSTEM\7BOTSYSTEM\DEBUG\COMRCVTHREAD.OBJ
C:\USERS\HOUQH13\DOCUMENTS\ARDUINO\ALMIGHTY\ROBOTCTEXP\PROJECTS\7BOTSYSTEM\7BOTSYSTEM\DEBUG\SERIALDLG.OBJ
C:\USERS\HOUQH13\DOCUMENTS\ARDUINO\ALMIGHTY\ROBOTCTEXP\PROJECTS\7BOTSYSTEM\7BOTSYSTEM\DEBUG\ARM7BOT.OBJ
C:\USERS\HOUQH13\DOCUMENTS\ARDUINO\ALMIGHTY\ROBOTCTEXP\PROJECTS\7BOTSYSTEM\7BOTSYSTEM\DEBUG\PVECTOR.OBJ
C:\USERS\HOUQH13\DOCUMENTS\ARDUINO\ALMIGHTY\ROBOTCTEXP\PROJECTS\7BOTSYSTEM\DEBUG\7BOTSYSTEM.ILK
C:\USERS\HOUQH13\DOCUMENTS\ARDUINO\ALMIGHTY\ROBOTCTEXP\PROJECTS\7BOTSYSTEM\DEBUG\7BOTSYSTEM.EXE
C:\USERS\HOUQH13\DOCUMENTS\ARDUINO\ALMIGHTY\ROBOTCTEXP\PROJECTS\7BOTSYSTEM\DEBUG\7BOTSYSTEM.PDB
C:\USERS\HOUQH13\DOCUMENTS\ARDUINO\ALMIGHTY\ROBOTCTEXP\PROJECTS\7BOTSYSTEM\7BOTSYSTEM\DEBUG\7BOTSYSTEM.RES
C:\Users\houqh13\Documents\Arduino\Almighty\robotCTexp\projects\7BotSystem\7BotSystem\Debug\7BotSystem.obj
C:\Users\houqh13\Documents\Arduino\Almighty\robotCTexp\projects\7BotSystem\7BotSystem\Debug\7BotSystemDlg.obj
C:\Users\houqh13\Documents\Arduino\Almighty\robotCTexp\projects\7BotSystem\7BotSystem\Debug\Arm7Bot.obj
C:\Users\houqh13\Documents\Arduino\Almighty\robotCTexp\projects\7BotSystem\7BotSystem\Debug\CameraThread.obj
C:\Users\houqh13\Documents\Arduino\Almighty\robotCTexp\projects\7BotSystem\7BotSystem\Debug\ComRcvThread.obj
C:\Users\houqh13\Documents\Arduino\Almighty\robotCTexp\projects\7BotSystem\7BotSystem\Debug\Pvector.obj
C:\Users\houqh13\Documents\Arduino\Almighty\robotCTexp\projects\7BotSystem\7BotSystem\Debug\SerialDlg.obj
C:\Users\houqh13\Documents\Arduino\Almighty\robotCTexp\projects\7BotSystem\7BotSystem\Debug\stdafx.obj
C:\Users\houqh13\Documents\Arduino\Almighty\robotCTexp\projects\7BotSystem\7BotSystem\Debug\cl.command.1.tlog
C:\Users\houqh13\Documents\Arduino\Almighty\robotCTexp\projects\7BotSystem\7BotSystem\Debug\CL.read.1.tlog
C:\Users\houqh13\Documents\Arduino\Almighty\robotCTexp\projects\7BotSystem\7BotSystem\Debug\CL.write.1.tlog
C:\Users\houqh13\Documents\Arduino\Almighty\robotCTexp\projects\7BotSystem\7BotSystem\Debug\link-cvtres.read.1.tlog
C:\Users\houqh13\Documents\Arduino\Almighty\robotCTexp\projects\7BotSystem\7BotSystem\Debug\link-cvtres.write.1.tlog
C:\Users\houqh13\Documents\Arduino\Almighty\robotCTexp\projects\7BotSystem\7BotSystem\Debug\link-mt.read.1.tlog
C:\Users\houqh13\Documents\Arduino\Almighty\robotCTexp\projects\7BotSystem\7BotSystem\Debug\link-mt.write.1.tlog
C:\Users\houqh13\Documents\Arduino\Almighty\robotCTexp\projects\7BotSystem\7BotSystem\Debug\link-rc.read.1.tlog
C:\Users\houqh13\Documents\Arduino\Almighty\robotCTexp\projects\7BotSystem\7BotSystem\Debug\link-rc.write.1.tlog
C:\Users\houqh13\Documents\Arduino\Almighty\robotCTexp\projects\7BotSystem\7BotSystem\Debug\link.command.1.tlog
C:\Users\houqh13\Documents\Arduino\Almighty\robotCTexp\projects\7BotSystem\7BotSystem\Debug\link.read.1.tlog
C:\Users\houqh13\Documents\Arduino\Almighty\robotCTexp\projects\7BotSystem\7BotSystem\Debug\link.write.1.tlog
C:\Users\houqh13\Documents\Arduino\Almighty\robotCTexp\projects\7BotSystem\7BotSystem\Debug\rc.command.1.tlog
C:\Users\houqh13\Documents\Arduino\Almighty\robotCTexp\projects\7BotSystem\7BotSystem\Debug\rc.read.1.tlog
C:\Users\houqh13\Documents\Arduino\Almighty\robotCTexp\projects\7BotSystem\7BotSystem\Debug\rc.write.1.tlog
C:\Users\houqh13\Documents\Arduino\Almighty\robotCTexp\projects\7BotSystem\7BotSystem\Debug\7BotSystem.res
C:\Users\houqh13\Documents\Arduino\Almighty\robotCTexp\projects\7BotSystem\7BotSystem\Debug\7BotSystem.pch
C:\Users\houqh13\Documents\Arduino\Almighty\robotCTexp\projects\7BotSystem\7BotSystem\Debug\vc110.idb
C:\Users\houqh13\Documents\Arduino\Almighty\robotCTexp\projects\7BotSystem\7BotSystem\Debug\vc110.pdb
C:\Users\houqh13\Documents\Arduino\Almighty\robotCTexp\projects\7BotSystem\Debug\7BotSystem.pdb
C:\Users\houqh13\Documents\Arduino\Almighty\robotCTexp\projects\7BotSystem\Debug\7BotSystem.exe
C:\Users\houqh13\Documents\Arduino\Almighty\robotCTexp\projects\7BotSystem\Debug\7BotSystem.ilk
