生成启动时间为 2017/5/18 17:40:56。
     1>项目“C:\Users\houqh13\Documents\Arduino\Almighty\robotCTexp\projects\7BotSystem\7BotSystem\7BotSystem.vcxproj”在节点 2 上(Build 个目标)。
     1>ClCompile:
         C:\Program Files (x86)\Microsoft Visual Studio 11.0\VC\bin\CL.exe /c /ZI /nologo /W3 /WX- /sdl /Od /Oy- /D WIN32 /D _WINDOWS /D _DEBUG /D _CRT_SECURE_NO_DEPRECATE /D _UNICODE /D UNICODE /D _AFXDLL /Gm /EHsc /RTC1 /MDd /GS /fp:precise /Zc:wchar_t /Zc:forScope /Yu"stdafx.h" /Fp"Debug\7BotSystem.pch" /Fo"Debug\\" /Fd"Debug\vc110.pdb" /Gd /TP /analyze- /errorReport:prompt CameraThread.cpp
         CameraThread.cpp
     1>c:\program files\opencv\build\include\opencv2\core\mat.hpp(1965): warning C4819: 该文件包含不能在当前代码页(936)中表示的字符。请将该文件保存为 Unicode 格式以防止数据丢失
     1>c:\program files\opencv\build\include\opencv2\core\persistence.hpp : warning C4819: 该文件包含不能在当前代码页(936)中表示的字符。请将该文件保存为 Unicode 格式以防止数据丢失
     1>c:\program files\opencv\build\include\opencv2\core\utility.hpp : warning C4819: 该文件包含不能在当前代码页(936)中表示的字符。请将该文件保存为 Unicode 格式以防止数据丢失
       Link:
         C:\Program Files (x86)\Microsoft Visual Studio 11.0\VC\bin\link.exe /ERRORREPORT:PROMPT /OUT:"C:\Users\houqh13\Documents\Arduino\Almighty\robotCTexp\projects\7BotSystem\Debug\7BotSystem.exe" /INCREMENTAL /NOLOGO opencv_ts300d.lib opencv_world300d.lib /MANIFEST /MANIFESTUAC:"level='asInvoker' uiAccess='false'" /manifest:embed /manifestinput:"C:\Program Files (x86)\Microsoft Visual Studio 11.0\VC\Include\Manifest\dpiaware.manifest" /DEBUG /PDB:"C:\Users\houqh13\Documents\Arduino\Almighty\robotCTexp\projects\7BotSystem\Debug\7BotSystem.pdb" /SUBSYSTEM:WINDOWS /TLBID:1 /ENTRY:"wWinMainCRTStartup" /DYNAMICBASE /NXCOMPAT /IMPLIB:"C:\Users\houqh13\Documents\Arduino\Almighty\robotCTexp\projects\7BotSystem\Debug\7BotSystem.lib" /MACHINE:X86 Debug\7BotSystem.res
         Debug\7BotSystem.obj
         Debug\7BotSystemDlg.obj
         Debug\Arm7Bot.obj
         Debug\CameraThread.obj
         Debug\ComRcvThread.obj
         Debug\Pvector.obj
         Debug\SerialDlg.obj
         Debug\stdafx.obj
         7BotSystem.vcxproj -> C:\Users\houqh13\Documents\Arduino\Almighty\robotCTexp\projects\7BotSystem\Debug\7BotSystem.exe
     1>已完成生成项目“C:\Users\houqh13\Documents\Arduino\Almighty\robotCTexp\projects\7BotSystem\7BotSystem\7BotSystem.vcxproj”(Build 个目标)的操作。

生成成功。

已用时间 00:00:04.41
